
Testing /home/runner/work/FoodStock_backend/FoodStock_backend...

Tested 123 dependencies for known issues, found 34 issues, 73 vulnerable paths.


Issues to fix by upgrading:

  Upgrade org.springdoc:springdoc-openapi-starter-webmvc-ui@2.3.0 to org.springdoc:springdoc-openapi-starter-webmvc-ui@2.7.0 to fix
  ✗ Improper Handling of Case Sensitivity [Low Severity][https://security.snyk.io/vuln/SNYK-JAVA-ORGSPRINGFRAMEWORK-8230368] in org.springframework:spring-webmvc@6.1.3
    introduced by org.springframework.boot:spring-boot-starter-web@3.2.2 > org.springframework:spring-webmvc@6.1.3 and 1 other path(s)
  ✗ Path Traversal [High Severity][https://security.snyk.io/vuln/SNYK-JAVA-ORGSPRINGFRAMEWORK-7945490] in org.springframework:spring-webmvc@6.1.3
    introduced by org.springframework.boot:spring-boot-starter-web@3.2.2 > org.springframework:spring-webmvc@6.1.3 and 1 other path(s)
  ✗ Path Traversal [High Severity][https://security.snyk.io/vuln/SNYK-JAVA-ORGSPRINGFRAMEWORK-8230373] in org.springframework:spring-webmvc@6.1.3
    introduced by org.springframework.boot:spring-boot-starter-web@3.2.2 > org.springframework:spring-webmvc@6.1.3 and 1 other path(s)

  Upgrade org.springframework.boot:spring-boot-devtools@3.2.2 to org.springframework.boot:spring-boot-devtools@3.2.11 to fix
  ✗ Improper Handling of Case Sensitivity [Low Severity][https://security.snyk.io/vuln/SNYK-JAVA-ORGSPRINGFRAMEWORK-8230364] in org.springframework:spring-context@6.1.3
    introduced by org.springframework.boot:spring-boot-starter-data-mongodb@3.2.2 > org.springframework.data:spring-data-mongodb@4.2.2 > org.springframework:spring-context@6.1.3 and 3 other path(s)
  ✗ Improper Handling of Case Sensitivity [Low Severity][https://security.snyk.io/vuln/SNYK-JAVA-ORGSPRINGFRAMEWORK-8230365] in org.springframework:spring-core@6.1.3
    introduced by org.springframework.boot:spring-boot-starter-test@3.2.2 > org.springframework:spring-core@6.1.3 and 13 other path(s)

  Upgrade org.springframework.boot:spring-boot-starter-data-mongodb@3.2.2 to org.springframework.boot:spring-boot-starter-data-mongodb@3.2.11 to fix
  ✗ Improper Handling of Case Sensitivity [Low Severity][https://security.snyk.io/vuln/SNYK-JAVA-ORGSPRINGFRAMEWORK-8230364] in org.springframework:spring-context@6.1.3
    introduced by org.springframework.boot:spring-boot-starter-data-mongodb@3.2.2 > org.springframework.data:spring-data-mongodb@4.2.2 > org.springframework:spring-context@6.1.3 and 3 other path(s)
  ✗ Improper Handling of Case Sensitivity [Low Severity][https://security.snyk.io/vuln/SNYK-JAVA-ORGSPRINGFRAMEWORK-8230365] in org.springframework:spring-core@6.1.3
    introduced by org.springframework.boot:spring-boot-starter-test@3.2.2 > org.springframework:spring-core@6.1.3 and 13 other path(s)

  Upgrade org.springframework.boot:spring-boot-starter-test@3.2.2 to org.springframework.boot:spring-boot-starter-test@3.4.0 to fix
  ✗ Improper Handling of Case Sensitivity [Low Severity][https://security.snyk.io/vuln/SNYK-JAVA-ORGSPRINGFRAMEWORK-8230365] in org.springframework:spring-core@6.1.3
    introduced by org.springframework.boot:spring-boot-starter-test@3.2.2 > org.springframework:spring-core@6.1.3 and 13 other path(s)
  ✗ Buffer Overflow [Low Severity][https://security.snyk.io/vuln/SNYK-JAVA-COMJAYWAYJSONPATH-6140361] in com.jayway.jsonpath:json-path@2.8.0
    introduced by org.springframework.boot:spring-boot-starter-test@3.2.2 > com.jayway.jsonpath:json-path@2.8.0
  ✗ Insecure Default Variable Initialization [Medium Severity][https://security.snyk.io/vuln/SNYK-JAVA-ORGXMLUNIT-6751676] in org.xmlunit:xmlunit-core@2.9.1
    introduced by org.springframework.boot:spring-boot-starter-test@3.2.2 > org.xmlunit:xmlunit-core@2.9.1

  Upgrade org.springframework.boot:spring-boot-starter-web@3.2.2 to org.springframework.boot:spring-boot-starter-web@3.2.11 to fix
  ✗ Improper Handling of Case Sensitivity [Low Severity][https://security.snyk.io/vuln/SNYK-JAVA-ORGSPRINGFRAMEWORK-8230366] in org.springframework:spring-web@6.1.3
    introduced by org.springframework.boot:spring-boot-starter-web@3.2.2 > org.springframework:spring-web@6.1.3 and 2 other path(s)
  ✗ Improper Handling of Case Sensitivity [Low Severity][https://security.snyk.io/vuln/SNYK-JAVA-ORGSPRINGFRAMEWORK-8230368] in org.springframework:spring-webmvc@6.1.3
    introduced by org.springframework.boot:spring-boot-starter-web@3.2.2 > org.springframework:spring-webmvc@6.1.3 and 1 other path(s)
  ✗ Improper Handling of Case Sensitivity [Low Severity][https://security.snyk.io/vuln/SNYK-JAVA-ORGSPRINGFRAMEWORK-8230364] in org.springframework:spring-context@6.1.3
    introduced by org.springframework.boot:spring-boot-starter-data-mongodb@3.2.2 > org.springframework.data:spring-data-mongodb@4.2.2 > org.springframework:spring-context@6.1.3 and 3 other path(s)
  ✗ Improper Handling of Case Sensitivity [Low Severity][https://security.snyk.io/vuln/SNYK-JAVA-ORGSPRINGFRAMEWORK-8230365] in org.springframework:spring-core@6.1.3
    introduced by org.springframework.boot:spring-boot-starter-test@3.2.2 > org.springframework:spring-core@6.1.3 and 13 other path(s)
  ✗ Denial of Service (DoS) [Medium Severity][https://security.snyk.io/vuln/SNYK-JAVA-ORGSPRINGFRAMEWORK-7687447] in org.springframework:spring-web@6.1.3
    introduced by org.springframework.boot:spring-boot-starter-web@3.2.2 > org.springframework:spring-web@6.1.3 and 2 other path(s)
  ✗ Open Redirect [Medium Severity][https://security.snyk.io/vuln/SNYK-JAVA-ORGSPRINGFRAMEWORK-6597980] in org.springframework:spring-web@6.1.3
    introduced by org.springframework.boot:spring-boot-starter-web@3.2.2 > org.springframework:spring-web@6.1.3 and 2 other path(s)
  ✗ Path Traversal [High Severity][https://security.snyk.io/vuln/SNYK-JAVA-ORGSPRINGFRAMEWORK-8230373] in org.springframework:spring-webmvc@6.1.3
    introduced by org.springframework.boot:spring-boot-starter-web@3.2.2 > org.springframework:spring-webmvc@6.1.3 and 1 other path(s)
  ✗ Path Traversal [High Severity][https://security.snyk.io/vuln/SNYK-JAVA-ORGSPRINGFRAMEWORK-7945490] in org.springframework:spring-webmvc@6.1.3
    introduced by org.springframework.boot:spring-boot-starter-web@3.2.2 > org.springframework:spring-webmvc@6.1.3 and 1 other path(s)
  ✗ Insufficient Session Expiration [High Severity][https://security.snyk.io/vuln/SNYK-JAVA-ORGAPACHETOMCATEMBED-7430175] in org.apache.tomcat.embed:tomcat-embed-core@10.1.18
    introduced by org.springframework.boot:spring-boot-starter-web@3.2.2 > org.springframework.boot:spring-boot-starter-tomcat@3.2.2 > org.apache.tomcat.embed:tomcat-embed-core@10.1.18 and 1 other path(s)
  ✗ Allocation of Resources Without Limits or Throttling [High Severity][https://security.snyk.io/vuln/SNYK-JAVA-ORGAPACHETOMCATEMBED-8073090] in org.apache.tomcat.embed:tomcat-embed-core@10.1.18
    introduced by org.springframework.boot:spring-boot-starter-web@3.2.2 > org.springframework.boot:spring-boot-starter-tomcat@3.2.2 > org.apache.tomcat.embed:tomcat-embed-core@10.1.18 and 1 other path(s)
  ✗ Open Redirect [High Severity][https://security.snyk.io/vuln/SNYK-JAVA-ORGSPRINGFRAMEWORK-6444790] in org.springframework:spring-web@6.1.3
    introduced by org.springframework.boot:spring-boot-starter-web@3.2.2 > org.springframework:spring-web@6.1.3 and 2 other path(s)
  ✗ Denial of Service (DoS) [High Severity][https://security.snyk.io/vuln/SNYK-JAVA-ORGAPACHETOMCATEMBED-6435948] in org.apache.tomcat.embed:tomcat-embed-core@10.1.18
    introduced by org.springframework.boot:spring-boot-starter-web@3.2.2 > org.springframework.boot:spring-boot-starter-tomcat@3.2.2 > org.apache.tomcat.embed:tomcat-embed-core@10.1.18 and 1 other path(s)
  ✗ Denial of Service (DoS) [High Severity][https://security.snyk.io/vuln/SNYK-JAVA-ORGAPACHETOMCATEMBED-6435950] in org.apache.tomcat.embed:tomcat-embed-websocket@10.1.18
    introduced by org.springframework.boot:spring-boot-starter-web@3.2.2 > org.springframework.boot:spring-boot-starter-tomcat@3.2.2 > org.apache.tomcat.embed:tomcat-embed-websocket@10.1.18
  ✗ Open Redirect [High Severity][https://security.snyk.io/vuln/SNYK-JAVA-ORGSPRINGFRAMEWORK-6261586] in org.springframework:spring-web@6.1.3
    introduced by org.springframework.boot:spring-boot-starter-web@3.2.2 > org.springframework:spring-web@6.1.3 and 2 other path(s)
  ✗ Uncaught Exception [Critical Severity][https://security.snyk.io/vuln/SNYK-JAVA-ORGAPACHETOMCATEMBED-8383920] in org.apache.tomcat.embed:tomcat-embed-core@10.1.18
    introduced by org.springframework.boot:spring-boot-starter-web@3.2.2 > org.springframework.boot:spring-boot-starter-tomcat@3.2.2 > org.apache.tomcat.embed:tomcat-embed-core@10.1.18 and 1 other path(s)

  Upgrade org.springframework.cloud:spring-cloud-starter-netflix-eureka-client@4.1.0 to org.springframework.cloud:spring-cloud-starter-netflix-eureka-client@4.2.0 to fix
  ✗ Improper Handling of Case Sensitivity [Low Severity][https://security.snyk.io/vuln/SNYK-JAVA-ORGSPRINGFRAMEWORK-8230364] in org.springframework:spring-context@6.1.3
    introduced by org.springframework.boot:spring-boot-starter-data-mongodb@3.2.2 > org.springframework.data:spring-data-mongodb@4.2.2 > org.springframework:spring-context@6.1.3 and 3 other path(s)
  ✗ Improper Handling of Case Sensitivity [Low Severity][https://security.snyk.io/vuln/SNYK-JAVA-ORGSPRINGFRAMEWORK-8230365] in org.springframework:spring-core@6.1.3
    introduced by org.springframework.boot:spring-boot-starter-test@3.2.2 > org.springframework:spring-core@6.1.3 and 13 other path(s)
  ✗ Information Disclosure [Low Severity][https://security.snyk.io/vuln/SNYK-JAVA-COMGOOGLEGUAVA-1015415] in com.google.guava:guava@19.0
    introduced by org.springframework.cloud:spring-cloud-starter-netflix-eureka-client@4.1.0 > com.netflix.eureka:eureka-client@2.0.1 > com.netflix.servo:servo-core@0.12.21 > com.google.guava:guava@19.0
  ✗ Creation of Temporary File in Directory with Insecure Permissions [Low Severity][https://security.snyk.io/vuln/SNYK-JAVA-COMGOOGLEGUAVA-5710356] in com.google.guava:guava@19.0
    introduced by org.springframework.cloud:spring-cloud-starter-netflix-eureka-client@4.1.0 > com.netflix.eureka:eureka-client@2.0.1 > com.netflix.servo:servo-core@0.12.21 > com.google.guava:guava@19.0
  ✗ Observable Discrepancy [Medium Severity][https://security.snyk.io/vuln/SNYK-JAVA-ORGBOUNCYCASTLE-6613076] in org.bouncycastle:bcprov-jdk18on@1.74
    introduced by org.springframework.cloud:spring-cloud-starter-netflix-eureka-client@4.1.0 > org.springframework.cloud:spring-cloud-starter@4.1.0 > org.springframework.security:spring-security-rsa@1.1.1 > org.bouncycastle:bcprov-jdk18on@1.74
  ✗ Allocation of Resources Without Limits or Throttling [Medium Severity][https://security.snyk.io/vuln/SNYK-JAVA-ORGBOUNCYCASTLE-6613079] in org.bouncycastle:bcprov-jdk18on@1.74
    introduced by org.springframework.cloud:spring-cloud-starter-netflix-eureka-client@4.1.0 > org.springframework.cloud:spring-cloud-starter@4.1.0 > org.springframework.security:spring-security-rsa@1.1.1 > org.bouncycastle:bcprov-jdk18on@1.74
  ✗ Denial of Service (DoS) [Medium Severity][https://security.snyk.io/vuln/SNYK-JAVA-COMFASTERXMLWOODSTOX-3091135] in com.fasterxml.woodstox:woodstox-core@6.2.1
    introduced by org.springframework.cloud:spring-cloud-starter-netflix-eureka-client@4.1.0 > com.netflix.eureka:eureka-core@2.0.1 > com.fasterxml.woodstox:woodstox-core@6.2.1
  ✗ Authorization Bypass [Medium Severity][https://security.snyk.io/vuln/SNYK-JAVA-ORGSPRINGFRAMEWORKSECURITY-8399273] in org.springframework.security:spring-security-crypto@6.2.1
    introduced by org.springframework.cloud:spring-cloud-starter-netflix-eureka-client@4.1.0 > org.springframework.cloud:spring-cloud-starter@4.1.0 > org.springframework.cloud:spring-cloud-context@4.1.0 > org.springframework.security:spring-security-crypto@6.2.1 and 1 other path(s)
  ✗ Deserialization of Untrusted Data [Medium Severity][https://security.snyk.io/vuln/SNYK-JAVA-COMGOOGLEGUAVA-32236] in com.google.guava:guava@19.0
    introduced by org.springframework.cloud:spring-cloud-starter-netflix-eureka-client@4.1.0 > com.netflix.eureka:eureka-client@2.0.1 > com.netflix.servo:servo-core@0.12.21 > com.google.guava:guava@19.0
  ✗ Denial of Service (DoS) [Medium Severity][https://security.snyk.io/vuln/SNYK-JAVA-COMTHOUGHTWORKSXSTREAM-3091180] in com.thoughtworks.xstream:xstream@1.4.19
    introduced by org.springframework.cloud:spring-cloud-starter-netflix-eureka-client@4.1.0 > com.netflix.eureka:eureka-client@2.0.1 > com.thoughtworks.xstream:xstream@1.4.19 and 1 other path(s)
  ✗ Denial of Service (DoS) [Medium Severity][https://security.snyk.io/vuln/SNYK-JAVA-COMTHOUGHTWORKSXSTREAM-3182897] in com.thoughtworks.xstream:xstream@1.4.19
    introduced by org.springframework.cloud:spring-cloud-starter-netflix-eureka-client@4.1.0 > com.netflix.eureka:eureka-client@2.0.1 > com.thoughtworks.xstream:xstream@1.4.19 and 1 other path(s)
  ✗ Deserialization of Untrusted Data [High Severity][https://security.snyk.io/vuln/SNYK-JAVA-COMTHOUGHTWORKSXSTREAM-8352924] in com.thoughtworks.xstream:xstream@1.4.19
    introduced by org.springframework.cloud:spring-cloud-starter-netflix-eureka-client@4.1.0 > com.netflix.eureka:eureka-client@2.0.1 > com.thoughtworks.xstream:xstream@1.4.19 and 1 other path(s)
  ✗ Infinite loop [High Severity][https://security.snyk.io/vuln/SNYK-JAVA-ORGBOUNCYCASTLE-6612984] in org.bouncycastle:bcprov-jdk18on@1.74
    introduced by org.springframework.cloud:spring-cloud-starter-netflix-eureka-client@4.1.0 > org.springframework.cloud:spring-cloud-starter@4.1.0 > org.springframework.security:spring-security-rsa@1.1.1 > org.bouncycastle:bcprov-jdk18on@1.74


Issues with no direct upgrade or patch:
  ✗ Server-side Request Forgery (SSRF) [Low Severity][https://security.snyk.io/vuln/SNYK-JAVA-CHQOSLOGBACK-8539865] in ch.qos.logback:logback-core@1.4.14
    introduced by org.springframework.boot:spring-boot-starter-data-mongodb@3.2.2 > org.springframework.boot:spring-boot-starter@3.2.2 > org.springframework.boot:spring-boot-starter-logging@3.2.2 > ch.qos.logback:logback-classic@1.4.14 > ch.qos.logback:logback-core@1.4.14
  This issue was fixed in versions: 1.3.15, 1.5.13
  ✗ Improper Neutralization of Special Elements [Medium Severity][https://security.snyk.io/vuln/SNYK-JAVA-CHQOSLOGBACK-8539866] in ch.qos.logback:logback-core@1.4.14
    introduced by org.springframework.boot:spring-boot-starter-data-mongodb@3.2.2 > org.springframework.boot:spring-boot-starter@3.2.2 > org.springframework.boot:spring-boot-starter-logging@3.2.2 > ch.qos.logback:logback-classic@1.4.14 > ch.qos.logback:logback-core@1.4.14
  This issue was fixed in versions: 1.3.15, 1.5.13
  ✗ Improper Neutralization of Special Elements [Medium Severity][https://security.snyk.io/vuln/SNYK-JAVA-CHQOSLOGBACK-8539867] in ch.qos.logback:logback-classic@1.4.14
    introduced by org.springframework.boot:spring-boot-starter-data-mongodb@3.2.2 > org.springframework.boot:spring-boot-starter@3.2.2 > org.springframework.boot:spring-boot-starter-logging@3.2.2 > ch.qos.logback:logback-classic@1.4.14
  This issue was fixed in versions: 1.3.15, 1.5.13
  ✗ Improper Input Validation [Medium Severity][https://security.snyk.io/vuln/SNYK-JAVA-ORGAPACHEHTTPCOMPONENTS-1048058] in org.apache.httpcomponents:httpclient@4.5.3
    introduced by org.springframework.cloud:spring-cloud-starter-netflix-eureka-client@4.1.0 > com.netflix.eureka:eureka-client@2.0.1 > org.apache.httpcomponents:httpclient@4.5.3
  This issue was fixed in versions: 4.5.13
  ✗ Time-of-check Time-of-use (TOCTOU) Race Condition [Critical Severity][https://security.snyk.io/vuln/SNYK-JAVA-ORGAPACHETOMCATEMBED-8523186] in org.apache.tomcat.embed:tomcat-embed-core@10.1.18
    introduced by org.springframework.boot:spring-boot-starter-web@3.2.2 > org.springframework.boot:spring-boot-starter-tomcat@3.2.2 > org.apache.tomcat.embed:tomcat-embed-core@10.1.18 and 1 other path(s)
  This issue was fixed in versions: 9.0.98, 10.1.34, 11.0.2
  ✗ Time-of-check Time-of-use (TOCTOU) Race Condition [Critical Severity][https://security.snyk.io/vuln/SNYK-JAVA-ORGAPACHETOMCATEMBED-8547999] in org.apache.tomcat.embed:tomcat-embed-core@10.1.18
    introduced by org.springframework.boot:spring-boot-starter-web@3.2.2 > org.springframework.boot:spring-boot-starter-tomcat@3.2.2 > org.apache.tomcat.embed:tomcat-embed-core@10.1.18 and 1 other path(s)
  This issue was fixed in versions: 9.0.98, 10.1.34, 11.0.2



Organization:      hrebb
Package manager:   gradle
Target file:       communities/build.gradle
Project name:      communities
Open source:       no
Project path:      /home/runner/work/FoodStock_backend/FoodStock_backend
Licenses:          enabled

Tip: This project has multiple sub-projects (11), use --all-sub-projects flag to scan all sub-projects.


